<?xml version="1.0" encoding="UTF-8"?>
<!-- Generated by org.testng.reporters.JUnitReportReporter -->
<testsuite hostname="Manoj_Kumar_M" failures="0" tests="1" name="hybridframework.myprofilemodule.AddAddress" time="9.654" errors="0" timestamp="2024-05-01T00:18:16 IST" skipped="0">
  <testcase classname="hybridframework.myprofilemodule.AddAddress" name="addAddress" time="9.654"/>
</testsuite> <!-- hybridframework.myprofilemodule.AddAddress -->
