<?xml version="1.0" encoding="UTF-8"?>
<!-- Generated by org.testng.reporters.JUnitReportReporter -->
<testsuite hostname="Manoj_Kumar_M" failures="0" tests="6" name="hybridframework.funtionaltestingscripts.LoginFunctionalTest" time="32.586" errors="0" timestamp="2024-05-13T17:08:38 IST" skipped="0">
  <testcase classname="hybridframework.funtionaltestingscripts.LoginFunctionalTest" name="LoginTest" time="4.780">
    <system-out>
      <![CDATA[Welcome Page is Displayed
Login Page is Displayed]]>
    </system-out>
  </testcase> <!-- LoginTest -->
  <testcase classname="hybridframework.funtionaltestingscripts.LoginFunctionalTest" name="LoginTest" time="5.125">
    <system-out>
      <![CDATA[Welcome Page is Displayed
Login Page is Displayed]]>
    </system-out>
  </testcase> <!-- LoginTest -->
  <testcase classname="hybridframework.funtionaltestingscripts.LoginFunctionalTest" name="LoginTest" time="7.178">
    <system-out>
      <![CDATA[Welcome Page is Displayed
Login Page is Displayed]]>
    </system-out>
  </testcase> <!-- LoginTest -->
  <testcase classname="hybridframework.funtionaltestingscripts.LoginFunctionalTest" name="LoginTest" time="4.805">
    <system-out>
      <![CDATA[Welcome Page is Displayed
Login Page is Displayed]]>
    </system-out>
  </testcase> <!-- LoginTest -->
  <testcase classname="hybridframework.funtionaltestingscripts.LoginFunctionalTest" name="LoginTest" time="4.979">
    <system-out>
      <![CDATA[Welcome Page is Displayed
Login Page is Displayed]]>
    </system-out>
  </testcase> <!-- LoginTest -->
  <testcase classname="hybridframework.funtionaltestingscripts.LoginFunctionalTest" name="LoginTest" time="5.719">
    <system-out>
      <![CDATA[Welcome Page is Displayed
Login Page is Displayed]]>
    </system-out>
  </testcase> <!-- LoginTest -->
  <system-out>
    <![CDATA[Welcome Page is Displayed
Login Page is Displayed
Welcome Page is Displayed
Login Page is Displayed
Welcome Page is Displayed
Login Page is Displayed
Welcome Page is Displayed
Login Page is Displayed
Welcome Page is Displayed
Login Page is Displayed
Welcome Page is Displayed
Login Page is Displayed]]>
  </system-out>
</testsuite> <!-- hybridframework.funtionaltestingscripts.LoginFunctionalTest -->
