<?xml version="1.0" encoding="UTF-8"?>
<!-- Generated by org.testng.reporters.JUnitReportReporter -->
<testsuite hostname="Manoj_Kumar_M" failures="0" tests="1" name="hybridframework.demo.Demo" time="1.067" errors="0" timestamp="2024-05-16T20:46:15 IST" skipped="0">
  <testcase classname="hybridframework.demo.Demo" name="demo" time="1.067"/>
</testsuite> <!-- hybridframework.demo.Demo -->
