<?xml version="1.0" encoding="UTF-8"?>
<!-- Generated by org.testng.reporters.JUnitReportReporter -->
<testsuite hostname="Manoj_Kumar_M" failures="0" tests="1" name="hybridframework.testscriptstest.PlaceAnOrderTest" time="12.670" errors="0" timestamp="2024-05-22T00:31:29 IST" skipped="0">
  <testcase classname="hybridframework.testscriptstest.PlaceAnOrderTest" name="placeOrderTest" time="12.670">
    <system-out>
      <![CDATA[placeOrderTest Test has Started Execution
Books page is Displayed
Shopping Cart Page is Displayed
Order is Successfully Booked
placeOrderTest Test has Successfully Completed Execution]]>
    </system-out>
  </testcase> <!-- placeOrderTest -->
  <system-out>
    <![CDATA[SmokeSuite has Started Execution
Welcome Page is Displayed
Login Page is Displayed
Logged in Successfully
placeOrderTest Test has Started Execution
Books page is Displayed
Shopping Cart Page is Displayed
Order is Successfully Booked
placeOrderTest Test has Successfully Completed Execution
Logged out Successfully
Welcome Page is Displayed
Login Page is Displayed
Logged in Successfully
addAddressTest Test has Started Execution
addAddressTest Test has Successfully Completed Execution
Logged out Successfully]]>
  </system-out>
</testsuite> <!-- hybridframework.testscriptstest.PlaceAnOrderTest -->
