<?xml version="1.0" encoding="UTF-8"?>
<!-- Generated by org.testng.reporters.JUnitReportReporter -->
<testsuite hostname="Manoj_Kumar_M" failures="0" tests="1" name="hybridframework.testscriptstest.AddAddressTest" time="17.022" errors="0" timestamp="2024-10-26T11:50:55 IST" skipped="0">
  <testcase classname="hybridframework.testscriptstest.AddAddressTest" name="addAddressTest" time="17.022">
    <system-out>
      <![CDATA[addAddressTest Test has Started Execution
addAddressTest Test has Successfully Completed Execution]]>
    </system-out>
  </testcase> <!-- addAddressTest -->
  <system-out>
    <![CDATA[ParallelSuite has Started Execution
Welcome Page is Displayed
ParallelSuite has Started Execution
Welcome Page is Displayed
Login Page is Displayed
Login Page is Displayed
Logged in Successfully
Logged in Successfully
placeOrderTest Test has Started Execution
addAddressTest Test has Started Execution
Books page is Displayed
Shopping Cart Page is Displayed
Order is Successfully Booked
placeOrderTest Test has Successfully Completed Execution
Logged out Successfully
addAddressTest Test has Successfully Completed Execution
Logged out Successfully]]>
  </system-out>
</testsuite> <!-- hybridframework.testscriptstest.AddAddressTest -->
